


ARM Macro Assembler    Page 1 


    1 00000000         ;/******************************************************
                       ********************//**
    2 00000000         ; * @file     startup_TM4C123.s
    3 00000000         ; * @brief    CMSIS Cortex-M4 Core Device Startup File f
                       or
    4 00000000         ; *           TI Tiva TM4C123 Blizzard Class Device
    5 00000000         ; * @version  V1.00
    6 00000000         ; * @date     15. May 2013
    7 00000000         ; *
    8 00000000         ; * @note
    9 00000000         ; * Copyright (C) 2011 ARM Limited. All rights reserved.
                       
   10 00000000         ; *
   11 00000000         ; * @par
   12 00000000         ; * ARM Limited (ARM) is supplying this software for use
                        with Cortex-M
   13 00000000         ; * processor based microcontrollers.  This file can be 
                       freely distributed
   14 00000000         ; * within development tools that are supporting such AR
                       M based processors.
   15 00000000         ; *
   16 00000000         ; * @par
   17 00000000         ; * THIS SOFTWARE IS PROVIDED "AS IS".  NO WARRANTIES, W
                       HETHER EXPRESS, IMPLIED
   18 00000000         ; * OR STATUTORY, INCLUDING, BUT NOT LIMITED TO, IMPLIED
                        WARRANTIES OF
   19 00000000         ; * MERCHANTABILITY AND FITNESS FOR A PARTICULAR PURPOSE
                        APPLY TO THIS SOFTWARE.
   20 00000000         ; * ARM SHALL NOT, IN ANY CIRCUMSTANCES, BE LIABLE FOR S
                       PECIAL, INCIDENTAL, OR
   21 00000000         ; * CONSEQUENTIAL DAMAGES, FOR ANY REASON WHATSOEVER.
   22 00000000         ; *
   23 00000000         ; ******************************************************
                       ************************/
   24 00000000         ;/*
   25 00000000         ;//-------- <<< Use Configuration Wizard in Context Menu
                        >>> ------------------
   26 00000000         ;*/
   27 00000000         
   28 00000000         
   29 00000000         ; <h> Stack Configuration
   30 00000000         ;   <o> Stack Size (in Bytes) <0x0-0xFFFFFFFF:8>
   31 00000000         ; </h>
   32 00000000         
   33 00000000 00000400 
                       Stack_Size
                               EQU              0x00000400
   34 00000000         
   35 00000000                 AREA             STACK, NOINIT, READWRITE, ALIGN
=3
   36 00000000         Stack_Mem
                               SPACE            Stack_Size
   37 00000400         __initial_sp
   38 00000400         
   39 00000400         
   40 00000400         ; <h> Heap Configuration
   41 00000400         ;   <o>  Heap Size (in Bytes) <0x0-0xFFFFFFFF:8>
   42 00000400         ; </h>
   43 00000400         



ARM Macro Assembler    Page 2 


   44 00000400 00000400 
                       Heap_Size
                               EQU              0x00000400
   45 00000400         
   46 00000400                 AREA             HEAP, NOINIT, READWRITE, ALIGN=
3
   47 00000000         __heap_base
   48 00000000         Heap_Mem
                               SPACE            Heap_Size
   49 00000400         __heap_limit
   50 00000400         
   51 00000400         
   52 00000400                 PRESERVE8
   53 00000400                 THUMB
   54 00000400         
   55 00000400         
   56 00000400         ; Vector Table Mapped to Address 0 at Reset
   57 00000400         
   58 00000400                 AREA             RESET, DATA, READONLY
   59 00000000                 EXPORT           __Vectors
   60 00000000                 EXPORT           __Vectors_End
   61 00000000                 EXPORT           __Vectors_Size
   62 00000000         
   63 00000000 00000000 
                       __Vectors
                               DCD              __initial_sp ; Top of Stack
   64 00000004 00000000        DCD              Reset_Handler ; Reset Handler
   65 00000008 00000000        DCD              NMI_Handler ; NMI Handler
   66 0000000C 00000000        DCD              HardFault_Handler ; Hard Fault 
                                                            Handler
   67 00000010 00000000        DCD              MemManage_Handler 
                                                            ; MPU Fault Handler
                                                            
   68 00000014 00000000        DCD              BusFault_Handler 
                                                            ; Bus Fault Handler
                                                            
   69 00000018 00000000        DCD              UsageFault_Handler ; Usage Faul
                                                            t Handler
   70 0000001C 00000000        DCD              0           ; Reserved
   71 00000020 00000000        DCD              0           ; Reserved
   72 00000024 00000000        DCD              0           ; Reserved
   73 00000028 00000000        DCD              0           ; Reserved
   74 0000002C 00000000        DCD              SVC_Handler ; SVCall Handler
   75 00000030 00000000        DCD              DebugMon_Handler ; Debug Monito
                                                            r Handler
   76 00000034 00000000        DCD              0           ; Reserved
   77 00000038 00000000        DCD              PendSV_Handler ; PendSV Handler
                                                            
   78 0000003C 00000000        DCD              SysTick_Handler 
                                                            ; SysTick Handler
   79 00000040         
   80 00000040         ; External Interrupts
   81 00000040         
   82 00000040 00000000        DCD              GPIOA_Handler 
                                                            ;   0: GPIO Port A
   83 00000044 00000000        DCD              GPIOB_Handler 
                                                            ;   1: GPIO Port B
   84 00000048 00000000        DCD              GPIOC_Handler 
                                                            ;   2: GPIO Port C



ARM Macro Assembler    Page 3 


   85 0000004C 00000000        DCD              GPIOD_Handler 
                                                            ;   3: GPIO Port D
   86 00000050 00000000        DCD              GPIOE_Handler 
                                                            ;   4: GPIO Port E
   87 00000054 00000000        DCD              UART0_Handler ;   5: UART0 Rx a
                                                            nd Tx
   88 00000058 00000000        DCD              UART1_Handler ;   6: UART1 Rx a
                                                            nd Tx
   89 0000005C 00000000        DCD              SSI0_Handler ;   7: SSI0 Rx and
                                                             Tx
   90 00000060 00000000        DCD              I2C0_Handler ;   8: I2C0 Master
                                                             and Slave
   91 00000064 00000000        DCD              PMW0_FAULT_Handler 
                                                            ;   9: PWM Fault
   92 00000068 00000000        DCD              PWM0_0_Handler ;  10: PWM Gener
                                                            ator 0
   93 0000006C 00000000        DCD              PWM0_1_Handler ;  11: PWM Gener
                                                            ator 1
   94 00000070 00000000        DCD              PWM0_2_Handler ;  12: PWM Gener
                                                            ator 2
   95 00000074 00000000        DCD              QEI0_Handler ;  13: Quadrature 
                                                            Encoder 0
   96 00000078 00000000        DCD              ADC0SS0_Handler ;  14: ADC Sequ
                                                            ence 0
   97 0000007C 00000000        DCD              ADC0SS1_Handler ;  15: ADC Sequ
                                                            ence 1
   98 00000080 00000000        DCD              ADC0SS2_Handler ;  16: ADC Sequ
                                                            ence 2
   99 00000084 00000000        DCD              ADC0SS3_Handler ;  17: ADC Sequ
                                                            ence 3
  100 00000088 00000000        DCD              WDT0_Handler ;  18: Watchdog ti
                                                            mer
  101 0000008C 00000000        DCD              TIMER0A_Handler ;  19: Timer 0 
                                                            subtimer A
  102 00000090 00000000        DCD              TIMER0B_Handler ;  20: Timer 0 
                                                            subtimer B
  103 00000094 00000000        DCD              TIMER1A_Handler ;  21: Timer 1 
                                                            subtimer A
  104 00000098 00000000        DCD              TIMER1B_Handler ;  22: Timer 1 
                                                            subtimer B
  105 0000009C 00000000        DCD              TIMER2A_Handler ;  23: Timer 2 
                                                            subtimer A
  106 000000A0 00000000        DCD              TIMER2B_Handler ;  24: Timer 2 
                                                            subtimer B
  107 000000A4 00000000        DCD              COMP0_Handler ;  25: Analog Com
                                                            parator 0
  108 000000A8 00000000        DCD              COMP1_Handler ;  26: Analog Com
                                                            parator 1
  109 000000AC 00000000        DCD              COMP2_Handler ;  27: Analog Com
                                                            parator 2
  110 000000B0 00000000        DCD              SYSCTL_Handler ;  28: System Co
                                                            ntrol (PLL, OSC, BO
                                                            )
  111 000000B4 00000000        DCD              FLASH_Handler ;  29: FLASH Cont
                                                            rol
  112 000000B8 00000000        DCD              GPIOF_Handler 
                                                            ;  30: GPIO Port F
  113 000000BC 00000000        DCD              GPIOG_Handler 
                                                            ;  31: GPIO Port G



ARM Macro Assembler    Page 4 


  114 000000C0 00000000        DCD              GPIOH_Handler 
                                                            ;  32: GPIO Port H
  115 000000C4 00000000        DCD              UART2_Handler ;  33: UART2 Rx a
                                                            nd Tx
  116 000000C8 00000000        DCD              SSI1_Handler ;  34: SSI1 Rx and
                                                             Tx
  117 000000CC 00000000        DCD              TIMER3A_Handler ;  35: Timer 3 
                                                            subtimer A
  118 000000D0 00000000        DCD              TIMER3B_Handler ;  36: Timer 3 
                                                            subtimer B
  119 000000D4 00000000        DCD              I2C1_Handler ;  37: I2C1 Master
                                                             and Slave
  120 000000D8 00000000        DCD              QEI1_Handler ;  38: Quadrature 
                                                            Encoder 1
  121 000000DC 00000000        DCD              CAN0_Handler ;  39: CAN0
  122 000000E0 00000000        DCD              CAN1_Handler ;  40: CAN1
  123 000000E4 00000000        DCD              CAN2_Handler ;  41: CAN2
  124 000000E8 00000000        DCD              0           ;  42: Reserved
  125 000000EC 00000000        DCD              HIB_Handler ;  43: Hibernate
  126 000000F0 00000000        DCD              USB0_Handler ;  44: USB0
  127 000000F4 00000000        DCD              PWM0_3_Handler ;  45: PWM Gener
                                                            ator 3
  128 000000F8 00000000        DCD              UDMA_Handler ;  46: uDMA Softwa
                                                            re Transfer
  129 000000FC 00000000        DCD              UDMAERR_Handler 
                                                            ;  47: uDMA Error
  130 00000100 00000000        DCD              ADC1SS0_Handler ;  48: ADC1 Seq
                                                            uence 0
  131 00000104 00000000        DCD              ADC1SS1_Handler ;  49: ADC1 Seq
                                                            uence 1
  132 00000108 00000000        DCD              ADC1SS2_Handler ;  50: ADC1 Seq
                                                            uence 2
  133 0000010C 00000000        DCD              ADC1SS3_Handler ;  51: ADC1 Seq
                                                            uence 3
  134 00000110 00000000        DCD              0           ;  52: Reserved
  135 00000114 00000000        DCD              0           ;  53: Reserved
  136 00000118 00000000        DCD              GPIOJ_Handler 
                                                            ;  54: GPIO Port J
  137 0000011C 00000000        DCD              GPIOK_Handler 
                                                            ;  55: GPIO Port K
  138 00000120 00000000        DCD              GPIOL_Handler 
                                                            ;  56: GPIO Port L
  139 00000124 00000000        DCD              SSI2_Handler ;  57: SSI2 Rx and
                                                             Tx
  140 00000128 00000000        DCD              SSI3_Handler ;  58: SSI3 Rx and
                                                             Tx
  141 0000012C 00000000        DCD              UART3_Handler ;  59: UART3 Rx a
                                                            nd Tx
  142 00000130 00000000        DCD              UART4_Handler ;  60: UART4 Rx a
                                                            nd Tx
  143 00000134 00000000        DCD              UART5_Handler ;  61: UART5 Rx a
                                                            nd Tx
  144 00000138 00000000        DCD              UART6_Handler ;  62: UART6 Rx a
                                                            nd Tx
  145 0000013C 00000000        DCD              UART7_Handler ;  63: UART7 Rx a
                                                            nd Tx
  146 00000140 00000000        DCD              0           ;  64: Reserved
  147 00000144 00000000        DCD              0           ;  65: Reserved
  148 00000148 00000000        DCD              0           ;  66: Reserved



ARM Macro Assembler    Page 5 


  149 0000014C 00000000        DCD              0           ;  67: Reserved
  150 00000150 00000000        DCD              I2C2_Handler ;  68: I2C2 Master
                                                             and Slave
  151 00000154 00000000        DCD              I2C3_Handler ;  69: I2C3 Master
                                                             and Slave
  152 00000158 00000000        DCD              TIMER4A_Handler ;  70: Timer 4 
                                                            subtimer A
  153 0000015C 00000000        DCD              TIMER4B_Handler ;  71: Timer 4 
                                                            subtimer B
  154 00000160 00000000        DCD              0           ;  72: Reserved
  155 00000164 00000000        DCD              0           ;  73: Reserved
  156 00000168 00000000        DCD              0           ;  74: Reserved
  157 0000016C 00000000        DCD              0           ;  75: Reserved
  158 00000170 00000000        DCD              0           ;  76: Reserved
  159 00000174 00000000        DCD              0           ;  77: Reserved
  160 00000178 00000000        DCD              0           ;  78: Reserved
  161 0000017C 00000000        DCD              0           ;  79: Reserved
  162 00000180 00000000        DCD              0           ;  80: Reserved
  163 00000184 00000000        DCD              0           ;  81: Reserved
  164 00000188 00000000        DCD              0           ;  82: Reserved
  165 0000018C 00000000        DCD              0           ;  83: Reserved
  166 00000190 00000000        DCD              0           ;  84: Reserved
  167 00000194 00000000        DCD              0           ;  85: Reserved
  168 00000198 00000000        DCD              0           ;  86: Reserved
  169 0000019C 00000000        DCD              0           ;  87: Reserved
  170 000001A0 00000000        DCD              0           ;  88: Reserved
  171 000001A4 00000000        DCD              0           ;  89: Reserved
  172 000001A8 00000000        DCD              0           ;  90: Reserved
  173 000001AC 00000000        DCD              0           ;  91: Reserved
  174 000001B0 00000000        DCD              TIMER5A_Handler ;  92: Timer 5 
                                                            subtimer A
  175 000001B4 00000000        DCD              TIMER5B_Handler ;  93: Timer 5 
                                                            subtimer B
  176 000001B8 00000000        DCD              WTIMER0A_Handler ;  94: Wide Ti
                                                            mer 0 subtimer A
  177 000001BC 00000000        DCD              WTIMER0B_Handler ;  95: Wide Ti
                                                            mer 0 subtimer B
  178 000001C0 00000000        DCD              WTIMER1A_Handler ;  96: Wide Ti
                                                            mer 1 subtimer A
  179 000001C4 00000000        DCD              WTIMER1B_Handler ;  97: Wide Ti
                                                            mer 1 subtimer B
  180 000001C8 00000000        DCD              WTIMER2A_Handler ;  98: Wide Ti
                                                            mer 2 subtimer A
  181 000001CC 00000000        DCD              WTIMER2B_Handler ;  99: Wide Ti
                                                            mer 2 subtimer B
  182 000001D0 00000000        DCD              WTIMER3A_Handler ; 100: Wide Ti
                                                            mer 3 subtimer A
  183 000001D4 00000000        DCD              WTIMER3B_Handler ; 101: Wide Ti
                                                            mer 3 subtimer B
  184 000001D8 00000000        DCD              WTIMER4A_Handler ; 102: Wide Ti
                                                            mer 4 subtimer A
  185 000001DC 00000000        DCD              WTIMER4B_Handler ; 103: Wide Ti
                                                            mer 4 subtimer B
  186 000001E0 00000000        DCD              WTIMER5A_Handler ; 104: Wide Ti
                                                            mer 5 subtimer A
  187 000001E4 00000000        DCD              WTIMER5B_Handler ; 105: Wide Ti
                                                            mer 5 subtimer B
  188 000001E8 00000000        DCD              FPU_Handler ; 106: FPU
  189 000001EC 00000000        DCD              0           ; 107: Reserved



ARM Macro Assembler    Page 6 


  190 000001F0 00000000        DCD              0           ; 108: Reserved
  191 000001F4 00000000        DCD              I2C4_Handler ; 109: I2C4 Master
                                                             and Slave
  192 000001F8 00000000        DCD              I2C5_Handler ; 110: I2C5 Master
                                                             and Slave
  193 000001FC 00000000        DCD              GPIOM_Handler 
                                                            ; 111: GPIO Port M
  194 00000200 00000000        DCD              GPION_Handler 
                                                            ; 112: GPIO Port N
  195 00000204 00000000        DCD              QEI2_Handler ; 113: Quadrature 
                                                            Encoder 2
  196 00000208 00000000        DCD              0           ; 114: Reserved
  197 0000020C 00000000        DCD              0           ; 115: Reserved
  198 00000210 00000000        DCD              GPIOP0_Handler ; 116: GPIO Port
                                                             P (Summary or P0)
  199 00000214 00000000        DCD              GPIOP1_Handler 
                                                            ; 117: GPIO Port P1
                                                            
  200 00000218 00000000        DCD              GPIOP2_Handler 
                                                            ; 118: GPIO Port P2
                                                            
  201 0000021C 00000000        DCD              GPIOP3_Handler 
                                                            ; 119: GPIO Port P3
                                                            
  202 00000220 00000000        DCD              GPIOP4_Handler 
                                                            ; 120: GPIO Port P4
                                                            
  203 00000224 00000000        DCD              GPIOP5_Handler 
                                                            ; 121: GPIO Port P5
                                                            
  204 00000228 00000000        DCD              GPIOP6_Handler 
                                                            ; 122: GPIO Port P6
                                                            
  205 0000022C 00000000        DCD              GPIOP7_Handler 
                                                            ; 123: GPIO Port P7
                                                            
  206 00000230 00000000        DCD              GPIOQ0_Handler ; 124: GPIO Port
                                                             Q (Summary or Q0)
  207 00000234 00000000        DCD              GPIOQ1_Handler 
                                                            ; 125: GPIO Port Q1
                                                            
  208 00000238 00000000        DCD              GPIOQ2_Handler 
                                                            ; 126: GPIO Port Q2
                                                            
  209 0000023C 00000000        DCD              GPIOQ3_Handler 
                                                            ; 127: GPIO Port Q3
                                                            
  210 00000240 00000000        DCD              GPIOQ4_Handler 
                                                            ; 128: GPIO Port Q4
                                                            
  211 00000244 00000000        DCD              GPIOQ5_Handler 
                                                            ; 129: GPIO Port Q5
                                                            
  212 00000248 00000000        DCD              GPIOQ6_Handler 
                                                            ; 130: GPIO Port Q6
                                                            
  213 0000024C 00000000        DCD              GPIOQ7_Handler 
                                                            ; 131: GPIO Port Q7
                                                            



ARM Macro Assembler    Page 7 


  214 00000250 00000000        DCD              GPIOR_Handler 
                                                            ; 132: GPIO Port R
  215 00000254 00000000        DCD              GPIOS_Handler 
                                                            ; 133: GPIO Port S
  216 00000258 00000000        DCD              PMW1_0_Handler ; 134: PWM 1 Gen
                                                            erator 0
  217 0000025C 00000000        DCD              PWM1_1_Handler ; 135: PWM 1 Gen
                                                            erator 1
  218 00000260 00000000        DCD              PWM1_2_Handler ; 136: PWM 1 Gen
                                                            erator 2
  219 00000264 00000000        DCD              PWM1_3_Handler ; 137: PWM 1 Gen
                                                            erator 3
  220 00000268 00000000        DCD              PWM1_FAULT_Handler 
                                                            ; 138: PWM 1 Fault
  221 0000026C         
  222 0000026C         __Vectors_End
  223 0000026C         
  224 0000026C 0000026C 
                       __Vectors_Size
                               EQU              __Vectors_End - __Vectors
  225 0000026C         
  226 0000026C                 AREA             |.text|, CODE, READONLY
  227 00000000         
  228 00000000         
  229 00000000         ; Reset Handler
  230 00000000         
  231 00000000         Reset_Handler
                               PROC
  232 00000000                 EXPORT           Reset_Handler             [WEAK
]
  233 00000000         ;    IMPORT  SystemInit
  234 00000000                 IMPORT           __main
  235 00000000         ;    LDR     R0, =SystemInit
  236 00000000         ;    BLX     R0
  237 00000000 4845            LDR              R0, =__main
  238 00000002 4700            BX               R0
  239 00000004                 ENDP
  240 00000004         
  241 00000004         ;*******************************************************
                       ***********************
  242 00000004         ;
  243 00000004         ; Useful functions.
  244 00000004         ;
  245 00000004         ;*******************************************************
                       ***********************
  246 00000004         
  247 00000004         ;*********** DisableInterrupts ***************
  248 00000004         ; disable interrupts
  249 00000004         ; inputs:  none
  250 00000004         ; outputs: none
  251 00000004         DisableInterrupts
                               PROC
  252 00000004                 EXPORT           DisableInterrupts
  253 00000004 B672            CPSID            I
  254 00000006 4770            BX               LR
  255 00000008                 ENDP
  256 00000008         
  257 00000008         ;*********** EnableInterrupts ***************
  258 00000008         ; disable interrupts



ARM Macro Assembler    Page 8 


  259 00000008         ; inputs:  none
  260 00000008         ; outputs: none
  261 00000008         EnableInterrupts
                               PROC
  262 00000008                 EXPORT           EnableInterrupts
  263 00000008 B662            CPSIE            I
  264 0000000A 4770            BX               LR
  265 0000000C                 ENDP
  266 0000000C         
  267 0000000C         ;*********** StartCritical ************************
  268 0000000C         ; make a copy of previous I bit, disable interrupts
  269 0000000C         ; inputs:  none
  270 0000000C         ; outputs: previous I bit
  271 0000000C         StartCritical
                               PROC
  272 0000000C                 EXPORT           StartCritical
  273 0000000C F3EF 8010       MRS              R0, PRIMASK ; save old status
  274 00000010 B672            CPSID            I           ; mask all (except 
                                                            faults)
  275 00000012 4770            BX               LR
  276 00000014                 ENDP
  277 00000014         
  278 00000014         ;*********** EndCritical ************************
  279 00000014         ; using the copy of previous I bit, restore I bit to pre
                       vious value
  280 00000014         ; inputs:  previous I bit
  281 00000014         ; outputs: none
  282 00000014         EndCritical
                               PROC
  283 00000014                 EXPORT           EndCritical
  284 00000014 F380 8810       MSR              PRIMASK, R0
  285 00000018 4770            BX               LR
  286 0000001A                 ENDP
  287 0000001A         
  288 0000001A         ;*********** WaitForInterrupt ************************
  289 0000001A         ; go to low power mode while waiting for the next interr
                       upt
  290 0000001A         ; inputs:  none
  291 0000001A         ; outputs: none
  292 0000001A         WaitForInterrupt
                               PROC
  293 0000001A                 EXPORT           WaitForInterrupt
  294 0000001A BF30            WFI
  295 0000001C 4770            BX               LR
  296 0000001E                 ENDP
  297 0000001E         
  298 0000001E         ; Dummy Exception Handlers (infinite loops which can be 
                       modified)
  299 0000001E         
  300 0000001E         NMI_Handler
                               PROC
  301 0000001E                 EXPORT           NMI_Handler               [WEAK
]
  302 0000001E E7FE            B                .
  303 00000020                 ENDP
  305 00000020         HardFault_Handler
                               PROC
  306 00000020                 EXPORT           HardFault_Handler         [WEAK
]



ARM Macro Assembler    Page 9 


  307 00000020 E7FE            B                .
  308 00000022                 ENDP
  310 00000022         MemManage_Handler
                               PROC
  311 00000022                 EXPORT           MemManage_Handler         [WEAK
]
  312 00000022 E7FE            B                .
  313 00000024                 ENDP
  315 00000024         BusFault_Handler
                               PROC
  316 00000024                 EXPORT           BusFault_Handler          [WEAK
]
  317 00000024 E7FE            B                .
  318 00000026                 ENDP
  320 00000026         UsageFault_Handler
                               PROC
  321 00000026                 EXPORT           UsageFault_Handler        [WEAK
]
  322 00000026 E7FE            B                .
  323 00000028                 ENDP
  324 00000028         SVC_Handler
                               PROC
  325 00000028                 EXPORT           SVC_Handler               [WEAK
]
  326 00000028 E7FE            B                .
  327 0000002A                 ENDP
  329 0000002A         DebugMon_Handler
                               PROC
  330 0000002A                 EXPORT           DebugMon_Handler          [WEAK
]
  331 0000002A E7FE            B                .
  332 0000002C                 ENDP
  334 0000002C         PendSV_Handler
                               PROC
  335 0000002C                 EXPORT           PendSV_Handler            [WEAK
]
  336 0000002C E7FE            B                .
  337 0000002E                 ENDP
  339 0000002E         SysTick_Handler
                               PROC
  340 0000002E                 EXPORT           SysTick_Handler           [WEAK
]
  341 0000002E E7FE            B                .
  342 00000030                 ENDP
  343 00000030         
  345 00000030         GPIOA_Handler
                               PROC
  346 00000030                 EXPORT           GPIOA_Handler [WEAK]
  347 00000030 E7FE            B                .
  348 00000032                 ENDP
  349 00000032         
  351 00000032         GPIOB_Handler
                               PROC
  352 00000032                 EXPORT           GPIOB_Handler [WEAK]
  353 00000032 E7FE            B                .
  354 00000034                 ENDP
  355 00000034         
  357 00000034         GPIOC_Handler
                               PROC



ARM Macro Assembler    Page 10 


  358 00000034                 EXPORT           GPIOC_Handler [WEAK]
  359 00000034 E7FE            B                .
  360 00000036                 ENDP
  361 00000036         
  363 00000036         GPIOD_Handler
                               PROC
  364 00000036                 EXPORT           GPIOD_Handler [WEAK]
  365 00000036 E7FE            B                .
  366 00000038                 ENDP
  367 00000038         
  369 00000038         GPIOE_Handler
                               PROC
  370 00000038                 EXPORT           GPIOE_Handler [WEAK]
  371 00000038                 IMPORT           GPIOPortE_Handler
  372 00000038 4838            LDR              R0, =GPIOPortE_Handler
  373 0000003A 4700            BX               R0
  374 0000003C                 ENDP
  375 0000003C         
  377 0000003C         UART0_Handler
                               PROC
  378 0000003C                 EXPORT           UART0_Handler [WEAK]
  379 0000003C E7FE            B                .
  380 0000003E                 ENDP
  381 0000003E         
  383 0000003E         UART1_Handler
                               PROC
  384 0000003E                 EXPORT           UART1_Handler [WEAK]
  385 0000003E E7FE            B                .
  386 00000040                 ENDP
  387 00000040         
  389 00000040         SSI0_Handler
                               PROC
  390 00000040                 EXPORT           SSI0_Handler [WEAK]
  391 00000040 E7FE            B                .
  392 00000042                 ENDP
  393 00000042         
  395 00000042         I2C0_Handler
                               PROC
  396 00000042                 EXPORT           I2C0_Handler [WEAK]
  397 00000042 E7FE            B                .
  398 00000044                 ENDP
  399 00000044         
  401 00000044         PMW0_FAULT_Handler
                               PROC
  402 00000044                 EXPORT           PMW0_FAULT_Handler [WEAK]
  403 00000044 E7FE            B                .
  404 00000046                 ENDP
  405 00000046         
  407 00000046         PWM0_0_Handler
                               PROC
  408 00000046                 EXPORT           PWM0_0_Handler [WEAK]
  409 00000046 E7FE            B                .
  410 00000048                 ENDP
  411 00000048         
  413 00000048         PWM0_1_Handler
                               PROC
  414 00000048                 EXPORT           PWM0_1_Handler [WEAK]
  415 00000048 E7FE            B                .
  416 0000004A                 ENDP



ARM Macro Assembler    Page 11 


  417 0000004A         
  419 0000004A         PWM0_2_Handler
                               PROC
  420 0000004A                 EXPORT           PWM0_2_Handler [WEAK]
  421 0000004A E7FE            B                .
  422 0000004C                 ENDP
  423 0000004C         
  425 0000004C         QEI0_Handler
                               PROC
  426 0000004C                 EXPORT           QEI0_Handler [WEAK]
  427 0000004C E7FE            B                .
  428 0000004E                 ENDP
  429 0000004E         
  431 0000004E         ADC0SS0_Handler
                               PROC
  432 0000004E                 EXPORT           ADC0SS0_Handler [WEAK]
  433 0000004E E7FE            B                .
  434 00000050                 ENDP
  435 00000050         
  437 00000050         ADC0SS1_Handler
                               PROC
  438 00000050                 EXPORT           ADC0SS1_Handler [WEAK]
  439 00000050 E7FE            B                .
  440 00000052                 ENDP
  441 00000052         
  443 00000052         ADC0SS2_Handler
                               PROC
  444 00000052                 EXPORT           ADC0SS2_Handler [WEAK]
  445 00000052 E7FE            B                .
  446 00000054                 ENDP
  447 00000054         
  449 00000054         ADC0SS3_Handler
                               PROC
  450 00000054                 EXPORT           ADC0SS3_Handler [WEAK]
  451 00000054 E7FE            B                .
  452 00000056                 ENDP
  453 00000056         
  455 00000056         WDT0_Handler
                               PROC
  456 00000056                 EXPORT           WDT0_Handler [WEAK]
  457 00000056 E7FE            B                .
  458 00000058                 ENDP
  459 00000058         
  461 00000058         TIMER0A_Handler
                               PROC
  462 00000058                 EXPORT           TIMER0A_Handler [WEAK]
  463 00000058 E7FE            B                .
  464 0000005A                 ENDP
  465 0000005A         
  467 0000005A         TIMER0B_Handler
                               PROC
  468 0000005A                 EXPORT           TIMER0B_Handler [WEAK]
  469 0000005A E7FE            B                .
  470 0000005C                 ENDP
  471 0000005C         
  473 0000005C         TIMER1A_Handler
                               PROC
  474 0000005C                 EXPORT           TIMER1A_Handler [WEAK]
  475 0000005C E7FE            B                .



ARM Macro Assembler    Page 12 


  476 0000005E                 ENDP
  477 0000005E         
  479 0000005E         TIMER1B_Handler
                               PROC
  480 0000005E                 EXPORT           TIMER1B_Handler [WEAK]
  481 0000005E E7FE            B                .
  482 00000060                 ENDP
  483 00000060         
  485 00000060         TIMER2A_Handler
                               PROC
  486 00000060                 EXPORT           TIMER2A_Handler [WEAK]
  487 00000060 E7FE            B                .
  488 00000062                 ENDP
  489 00000062         
  491 00000062         TIMER2B_Handler
                               PROC
  492 00000062                 EXPORT           TIMER2B_Handler [WEAK]
  493 00000062 E7FE            B                .
  494 00000064                 ENDP
  495 00000064         
  497 00000064         COMP0_Handler
                               PROC
  498 00000064                 EXPORT           COMP0_Handler [WEAK]
  499 00000064 E7FE            B                .
  500 00000066                 ENDP
  501 00000066         
  503 00000066         COMP1_Handler
                               PROC
  504 00000066                 EXPORT           COMP1_Handler [WEAK]
  505 00000066 E7FE            B                .
  506 00000068                 ENDP
  507 00000068         
  509 00000068         COMP2_Handler
                               PROC
  510 00000068                 EXPORT           COMP2_Handler [WEAK]
  511 00000068 E7FE            B                .
  512 0000006A                 ENDP
  513 0000006A         
  515 0000006A         SYSCTL_Handler
                               PROC
  516 0000006A                 EXPORT           SYSCTL_Handler [WEAK]
  517 0000006A E7FE            B                .
  518 0000006C                 ENDP
  519 0000006C         
  521 0000006C         FLASH_Handler
                               PROC
  522 0000006C                 EXPORT           FLASH_Handler [WEAK]
  523 0000006C E7FE            B                .
  524 0000006E                 ENDP
  525 0000006E         
  527 0000006E         GPIOF_Handler
                               PROC
  528 0000006E                 EXPORT           GPIOF_Handler [WEAK]
  529 0000006E E7FE            B                .
  530 00000070                 ENDP
  531 00000070         
  533 00000070         GPIOG_Handler
                               PROC
  534 00000070                 EXPORT           GPIOG_Handler [WEAK]



ARM Macro Assembler    Page 13 


  535 00000070 E7FE            B                .
  536 00000072                 ENDP
  537 00000072         
  539 00000072         GPIOH_Handler
                               PROC
  540 00000072                 EXPORT           GPIOH_Handler [WEAK]
  541 00000072 E7FE            B                .
  542 00000074                 ENDP
  543 00000074         
  545 00000074         UART2_Handler
                               PROC
  546 00000074                 EXPORT           UART2_Handler [WEAK]
  547 00000074 E7FE            B                .
  548 00000076                 ENDP
  549 00000076         
  551 00000076         SSI1_Handler
                               PROC
  552 00000076                 EXPORT           SSI1_Handler [WEAK]
  553 00000076 E7FE            B                .
  554 00000078                 ENDP
  555 00000078         
  557 00000078         TIMER3A_Handler
                               PROC
  558 00000078                 EXPORT           TIMER3A_Handler [WEAK]
  559 00000078 E7FE            B                .
  560 0000007A                 ENDP
  561 0000007A         
  563 0000007A         TIMER3B_Handler
                               PROC
  564 0000007A                 EXPORT           TIMER3B_Handler [WEAK]
  565 0000007A E7FE            B                .
  566 0000007C                 ENDP
  567 0000007C         
  569 0000007C         I2C1_Handler
                               PROC
  570 0000007C                 EXPORT           I2C1_Handler [WEAK]
  571 0000007C E7FE            B                .
  572 0000007E                 ENDP
  573 0000007E         
  575 0000007E         QEI1_Handler
                               PROC
  576 0000007E                 EXPORT           QEI1_Handler [WEAK]
  577 0000007E E7FE            B                .
  578 00000080                 ENDP
  579 00000080         
  581 00000080         CAN0_Handler
                               PROC
  582 00000080                 EXPORT           CAN0_Handler [WEAK]
  583 00000080 E7FE            B                .
  584 00000082                 ENDP
  585 00000082         
  587 00000082         CAN1_Handler
                               PROC
  588 00000082                 EXPORT           CAN1_Handler [WEAK]
  589 00000082 E7FE            B                .
  590 00000084                 ENDP
  591 00000084         
  593 00000084         CAN2_Handler
                               PROC



ARM Macro Assembler    Page 14 


  594 00000084                 EXPORT           CAN2_Handler [WEAK]
  595 00000084 E7FE            B                .
  596 00000086                 ENDP
  597 00000086         
  599 00000086         HIB_Handler
                               PROC
  600 00000086                 EXPORT           HIB_Handler [WEAK]
  601 00000086 E7FE            B                .
  602 00000088                 ENDP
  603 00000088         
  605 00000088         USB0_Handler
                               PROC
  606 00000088                 EXPORT           USB0_Handler [WEAK]
  607 00000088 E7FE            B                .
  608 0000008A                 ENDP
  609 0000008A         
  611 0000008A         PWM0_3_Handler
                               PROC
  612 0000008A                 EXPORT           PWM0_3_Handler [WEAK]
  613 0000008A E7FE            B                .
  614 0000008C                 ENDP
  615 0000008C         
  617 0000008C         UDMA_Handler
                               PROC
  618 0000008C                 EXPORT           UDMA_Handler [WEAK]
  619 0000008C E7FE            B                .
  620 0000008E                 ENDP
  621 0000008E         
  623 0000008E         UDMAERR_Handler
                               PROC
  624 0000008E                 EXPORT           UDMAERR_Handler [WEAK]
  625 0000008E E7FE            B                .
  626 00000090                 ENDP
  627 00000090         
  629 00000090         ADC1SS0_Handler
                               PROC
  630 00000090                 EXPORT           ADC1SS0_Handler [WEAK]
  631 00000090 E7FE            B                .
  632 00000092                 ENDP
  633 00000092         
  635 00000092         ADC1SS1_Handler
                               PROC
  636 00000092                 EXPORT           ADC1SS1_Handler [WEAK]
  637 00000092 E7FE            B                .
  638 00000094                 ENDP
  639 00000094         
  641 00000094         ADC1SS2_Handler
                               PROC
  642 00000094                 EXPORT           ADC1SS2_Handler [WEAK]
  643 00000094 E7FE            B                .
  644 00000096                 ENDP
  645 00000096         
  647 00000096         ADC1SS3_Handler
                               PROC
  648 00000096                 EXPORT           ADC1SS3_Handler [WEAK]
  649 00000096 E7FE            B                .
  650 00000098                 ENDP
  651 00000098         
  653 00000098         GPIOJ_Handler



ARM Macro Assembler    Page 15 


                               PROC
  654 00000098                 EXPORT           GPIOJ_Handler [WEAK]
  655 00000098 E7FE            B                .
  656 0000009A                 ENDP
  657 0000009A         
  659 0000009A         GPIOK_Handler
                               PROC
  660 0000009A                 EXPORT           GPIOK_Handler [WEAK]
  661 0000009A E7FE            B                .
  662 0000009C                 ENDP
  663 0000009C         
  665 0000009C         GPIOL_Handler
                               PROC
  666 0000009C                 EXPORT           GPIOL_Handler [WEAK]
  667 0000009C E7FE            B                .
  668 0000009E                 ENDP
  669 0000009E         
  671 0000009E         SSI2_Handler
                               PROC
  672 0000009E                 EXPORT           SSI2_Handler [WEAK]
  673 0000009E E7FE            B                .
  674 000000A0                 ENDP
  675 000000A0         
  677 000000A0         SSI3_Handler
                               PROC
  678 000000A0                 EXPORT           SSI3_Handler [WEAK]
  679 000000A0 E7FE            B                .
  680 000000A2                 ENDP
  681 000000A2         
  683 000000A2         UART3_Handler
                               PROC
  684 000000A2                 EXPORT           UART3_Handler [WEAK]
  685 000000A2 E7FE            B                .
  686 000000A4                 ENDP
  687 000000A4         
  689 000000A4         UART4_Handler
                               PROC
  690 000000A4                 EXPORT           UART4_Handler [WEAK]
  691 000000A4 E7FE            B                .
  692 000000A6                 ENDP
  693 000000A6         
  695 000000A6         UART5_Handler
                               PROC
  696 000000A6                 EXPORT           UART5_Handler [WEAK]
  697 000000A6 E7FE            B                .
  698 000000A8                 ENDP
  699 000000A8         
  701 000000A8         UART6_Handler
                               PROC
  702 000000A8                 EXPORT           UART6_Handler [WEAK]
  703 000000A8 E7FE            B                .
  704 000000AA                 ENDP
  705 000000AA         
  707 000000AA         UART7_Handler
                               PROC
  708 000000AA                 EXPORT           UART7_Handler [WEAK]
  709 000000AA E7FE            B                .
  710 000000AC                 ENDP
  711 000000AC         



ARM Macro Assembler    Page 16 


  713 000000AC         I2C2_Handler
                               PROC
  714 000000AC                 EXPORT           I2C2_Handler [WEAK]
  715 000000AC E7FE            B                .
  716 000000AE                 ENDP
  717 000000AE         
  719 000000AE         I2C3_Handler
                               PROC
  720 000000AE                 EXPORT           I2C3_Handler [WEAK]
  721 000000AE E7FE            B                .
  722 000000B0                 ENDP
  723 000000B0         
  725 000000B0         TIMER4A_Handler
                               PROC
  726 000000B0                 EXPORT           TIMER4A_Handler [WEAK]
  727 000000B0 E7FE            B                .
  728 000000B2                 ENDP
  729 000000B2         
  731 000000B2         TIMER4B_Handler
                               PROC
  732 000000B2                 EXPORT           TIMER4B_Handler [WEAK]
  733 000000B2 E7FE            B                .
  734 000000B4                 ENDP
  735 000000B4         
  737 000000B4         TIMER5A_Handler
                               PROC
  738 000000B4                 EXPORT           TIMER5A_Handler [WEAK]
  739 000000B4 E7FE            B                .
  740 000000B6                 ENDP
  741 000000B6         
  743 000000B6         TIMER5B_Handler
                               PROC
  744 000000B6                 EXPORT           TIMER5B_Handler [WEAK]
  745 000000B6 E7FE            B                .
  746 000000B8                 ENDP
  747 000000B8         
  749 000000B8         WTIMER0A_Handler
                               PROC
  750 000000B8                 EXPORT           WTIMER0A_Handler [WEAK]
  751 000000B8 E7FE            B                .
  752 000000BA                 ENDP
  753 000000BA         
  755 000000BA         WTIMER0B_Handler
                               PROC
  756 000000BA                 EXPORT           WTIMER0B_Handler [WEAK]
  757 000000BA E7FE            B                .
  758 000000BC                 ENDP
  759 000000BC         
  761 000000BC         WTIMER1A_Handler
                               PROC
  762 000000BC                 EXPORT           WTIMER1A_Handler [WEAK]
  763 000000BC E7FE            B                .
  764 000000BE                 ENDP
  765 000000BE         
  767 000000BE         WTIMER1B_Handler
                               PROC
  768 000000BE                 EXPORT           WTIMER1B_Handler [WEAK]
  769 000000BE E7FE            B                .
  770 000000C0                 ENDP



ARM Macro Assembler    Page 17 


  771 000000C0         
  773 000000C0         WTIMER2A_Handler
                               PROC
  774 000000C0                 EXPORT           WTIMER2A_Handler [WEAK]
  775 000000C0 E7FE            B                .
  776 000000C2                 ENDP
  777 000000C2         
  779 000000C2         WTIMER2B_Handler
                               PROC
  780 000000C2                 EXPORT           WTIMER2B_Handler [WEAK]
  781 000000C2 E7FE            B                .
  782 000000C4                 ENDP
  783 000000C4         
  785 000000C4         WTIMER3A_Handler
                               PROC
  786 000000C4                 EXPORT           WTIMER3A_Handler [WEAK]
  787 000000C4 E7FE            B                .
  788 000000C6                 ENDP
  789 000000C6         
  791 000000C6         WTIMER3B_Handler
                               PROC
  792 000000C6                 EXPORT           WTIMER3B_Handler [WEAK]
  793 000000C6 E7FE            B                .
  794 000000C8                 ENDP
  795 000000C8         
  797 000000C8         WTIMER4A_Handler
                               PROC
  798 000000C8                 EXPORT           WTIMER4A_Handler [WEAK]
  799 000000C8 E7FE            B                .
  800 000000CA                 ENDP
  801 000000CA         
  803 000000CA         WTIMER4B_Handler
                               PROC
  804 000000CA                 EXPORT           WTIMER4B_Handler [WEAK]
  805 000000CA E7FE            B                .
  806 000000CC                 ENDP
  807 000000CC         
  809 000000CC         WTIMER5A_Handler
                               PROC
  810 000000CC                 EXPORT           WTIMER5A_Handler [WEAK]
  811 000000CC E7FE            B                .
  812 000000CE                 ENDP
  813 000000CE         
  815 000000CE         WTIMER5B_Handler
                               PROC
  816 000000CE                 EXPORT           WTIMER5B_Handler [WEAK]
  817 000000CE E7FE            B                .
  818 000000D0                 ENDP
  819 000000D0         
  821 000000D0         FPU_Handler
                               PROC
  822 000000D0                 EXPORT           FPU_Handler [WEAK]
  823 000000D0 E7FE            B                .
  824 000000D2                 ENDP
  825 000000D2         
  827 000000D2         I2C4_Handler
                               PROC
  828 000000D2                 EXPORT           I2C4_Handler [WEAK]
  829 000000D2 E7FE            B                .



ARM Macro Assembler    Page 18 


  830 000000D4                 ENDP
  831 000000D4         
  833 000000D4         I2C5_Handler
                               PROC
  834 000000D4                 EXPORT           I2C5_Handler [WEAK]
  835 000000D4 E7FE            B                .
  836 000000D6                 ENDP
  837 000000D6         
  839 000000D6         GPIOM_Handler
                               PROC
  840 000000D6                 EXPORT           GPIOM_Handler [WEAK]
  841 000000D6 E7FE            B                .
  842 000000D8                 ENDP
  843 000000D8         
  845 000000D8         GPION_Handler
                               PROC
  846 000000D8                 EXPORT           GPION_Handler [WEAK]
  847 000000D8 E7FE            B                .
  848 000000DA                 ENDP
  849 000000DA         
  851 000000DA         QEI2_Handler
                               PROC
  852 000000DA                 EXPORT           QEI2_Handler [WEAK]
  853 000000DA E7FE            B                .
  854 000000DC                 ENDP
  855 000000DC         
  857 000000DC         GPIOP0_Handler
                               PROC
  858 000000DC                 EXPORT           GPIOP0_Handler [WEAK]
  859 000000DC E7FE            B                .
  860 000000DE                 ENDP
  861 000000DE         
  863 000000DE         GPIOP1_Handler
                               PROC
  864 000000DE                 EXPORT           GPIOP1_Handler [WEAK]
  865 000000DE E7FE            B                .
  866 000000E0                 ENDP
  867 000000E0         
  869 000000E0         GPIOP2_Handler
                               PROC
  870 000000E0                 EXPORT           GPIOP2_Handler [WEAK]
  871 000000E0 E7FE            B                .
  872 000000E2                 ENDP
  873 000000E2         
  875 000000E2         GPIOP3_Handler
                               PROC
  876 000000E2                 EXPORT           GPIOP3_Handler [WEAK]
  877 000000E2 E7FE            B                .
  878 000000E4                 ENDP
  879 000000E4         
  881 000000E4         GPIOP4_Handler
                               PROC
  882 000000E4                 EXPORT           GPIOP4_Handler [WEAK]
  883 000000E4 E7FE            B                .
  884 000000E6                 ENDP
  885 000000E6         
  887 000000E6         GPIOP5_Handler
                               PROC
  888 000000E6                 EXPORT           GPIOP5_Handler [WEAK]



ARM Macro Assembler    Page 19 


  889 000000E6 E7FE            B                .
  890 000000E8                 ENDP
  891 000000E8         
  893 000000E8         GPIOP6_Handler
                               PROC
  894 000000E8                 EXPORT           GPIOP6_Handler [WEAK]
  895 000000E8 E7FE            B                .
  896 000000EA                 ENDP
  897 000000EA         
  899 000000EA         GPIOP7_Handler
                               PROC
  900 000000EA                 EXPORT           GPIOP7_Handler [WEAK]
  901 000000EA E7FE            B                .
  902 000000EC                 ENDP
  903 000000EC         
  905 000000EC         GPIOQ0_Handler
                               PROC
  906 000000EC                 EXPORT           GPIOQ0_Handler [WEAK]
  907 000000EC E7FE            B                .
  908 000000EE                 ENDP
  909 000000EE         
  911 000000EE         GPIOQ1_Handler
                               PROC
  912 000000EE                 EXPORT           GPIOQ1_Handler [WEAK]
  913 000000EE E7FE            B                .
  914 000000F0                 ENDP
  915 000000F0         
  917 000000F0         GPIOQ2_Handler
                               PROC
  918 000000F0                 EXPORT           GPIOQ2_Handler [WEAK]
  919 000000F0 E7FE            B                .
  920 000000F2                 ENDP
  921 000000F2         
  923 000000F2         GPIOQ3_Handler
                               PROC
  924 000000F2                 EXPORT           GPIOQ3_Handler [WEAK]
  925 000000F2 E7FE            B                .
  926 000000F4                 ENDP
  927 000000F4         
  929 000000F4         GPIOQ4_Handler
                               PROC
  930 000000F4                 EXPORT           GPIOQ4_Handler [WEAK]
  931 000000F4 E7FE            B                .
  932 000000F6                 ENDP
  933 000000F6         
  935 000000F6         GPIOQ5_Handler
                               PROC
  936 000000F6                 EXPORT           GPIOQ5_Handler [WEAK]
  937 000000F6 E7FE            B                .
  938 000000F8                 ENDP
  939 000000F8         
  941 000000F8         GPIOQ6_Handler
                               PROC
  942 000000F8                 EXPORT           GPIOQ6_Handler [WEAK]
  943 000000F8 E7FE            B                .
  944 000000FA                 ENDP
  945 000000FA         
  947 000000FA         GPIOQ7_Handler
                               PROC



ARM Macro Assembler    Page 20 


  948 000000FA                 EXPORT           GPIOQ7_Handler [WEAK]
  949 000000FA E7FE            B                .
  950 000000FC                 ENDP
  951 000000FC         
  953 000000FC         GPIOR_Handler
                               PROC
  954 000000FC                 EXPORT           GPIOR_Handler [WEAK]
  955 000000FC E7FE            B                .
  956 000000FE                 ENDP
  957 000000FE         
  959 000000FE         GPIOS_Handler
                               PROC
  960 000000FE                 EXPORT           GPIOS_Handler [WEAK]
  961 000000FE E7FE            B                .
  962 00000100                 ENDP
  963 00000100         
  965 00000100         PMW1_0_Handler
                               PROC
  966 00000100                 EXPORT           PMW1_0_Handler [WEAK]
  967 00000100 E7FE            B                .
  968 00000102                 ENDP
  969 00000102         
  971 00000102         PWM1_1_Handler
                               PROC
  972 00000102                 EXPORT           PWM1_1_Handler [WEAK]
  973 00000102 E7FE            B                .
  974 00000104                 ENDP
  975 00000104         
  977 00000104         PWM1_2_Handler
                               PROC
  978 00000104                 EXPORT           PWM1_2_Handler [WEAK]
  979 00000104 E7FE            B                .
  980 00000106                 ENDP
  981 00000106         
  983 00000106         PWM1_3_Handler
                               PROC
  984 00000106                 EXPORT           PWM1_3_Handler [WEAK]
  985 00000106 E7FE            B                .
  986 00000108                 ENDP
  987 00000108         
  989 00000108         PWM1_FAULT_Handler
                               PROC
  990 00000108                 EXPORT           PWM1_FAULT_Handler [WEAK]
  991 00000108 E7FE            B                .
  992 0000010A                 ENDP
  993 0000010A         
  994 0000010A 00 00           ALIGN
  995 0000010C         
  996 0000010C         
  997 0000010C         ; User Initial Stack & Heap
  998 0000010C         
  999 0000010C                 IF               :DEF:__MICROLIB
 1006 0000010C         
 1007 0000010C                 IMPORT           __use_two_region_memory
 1008 0000010C                 EXPORT           __user_initial_stackheap
 1009 0000010C         __user_initial_stackheap
 1010 0000010C         
 1011 0000010C 4804            LDR              R0, =  Heap_Mem
 1012 0000010E 4905            LDR              R1, =(Stack_Mem + Stack_Size)



ARM Macro Assembler    Page 21 


 1013 00000110 4A05            LDR              R2, = (Heap_Mem +  Heap_Size)
 1014 00000112 4B06            LDR              R3, = Stack_Mem
 1015 00000114 4770            BX               LR
 1016 00000116         
 1017 00000116 00 00           ALIGN
 1018 00000118         
 1019 00000118                 ENDIF
 1020 00000118         
 1021 00000118         
 1022 00000118                 END
              00000000 
              00000000 
              00000000 
              00000400 
              00000400 
              00000000 
Command Line: --debug --xref --diag_suppress=9931 --cpu=Cortex-M4 --apcs=interw
ork --depend=.\startup_tm4c123.d -o.\startup_tm4c123.o -I.\RTE\_Lab_10 -IC:\Use
rs\erick\AppData\Local\Arm\Packs\ARM\CMSIS\5.6.0\CMSIS\Core\Include -IC:\Users\
erick\AppData\Local\Arm\Packs\Keil\TM4C_DFP\1.1.0\Device\Include\TM4C123 --pred
efine="__EVAL SETA 1" --predefine="__UVISION_VERSION SETA 529" --predefine="_RT
E_ SETA 1" --predefine="TM4C123GH6PM SETA 1" --list=.\startup_tm4c123.lst start
up_TM4C123.s



ARM Macro Assembler    Page 1 Alphabetic symbol ordering
Relocatable symbols

STACK 00000000

Symbol: STACK
   Definitions
      At line 35 in file startup_TM4C123.s
   Uses
      None
Comment: STACK unused
Stack_Mem 00000000

Symbol: Stack_Mem
   Definitions
      At line 36 in file startup_TM4C123.s
   Uses
      At line 1012 in file startup_TM4C123.s
      At line 1014 in file startup_TM4C123.s

__initial_sp 00000400

Symbol: __initial_sp
   Definitions
      At line 37 in file startup_TM4C123.s
   Uses
      At line 63 in file startup_TM4C123.s
Comment: __initial_sp used once
3 symbols



ARM Macro Assembler    Page 1 Alphabetic symbol ordering
Relocatable symbols

HEAP 00000000

Symbol: HEAP
   Definitions
      At line 46 in file startup_TM4C123.s
   Uses
      None
Comment: HEAP unused
Heap_Mem 00000000

Symbol: Heap_Mem
   Definitions
      At line 48 in file startup_TM4C123.s
   Uses
      At line 1011 in file startup_TM4C123.s
      At line 1013 in file startup_TM4C123.s

__heap_base 00000000

Symbol: __heap_base
   Definitions
      At line 47 in file startup_TM4C123.s
   Uses
      None
Comment: __heap_base unused
__heap_limit 00000400

Symbol: __heap_limit
   Definitions
      At line 49 in file startup_TM4C123.s
   Uses
      None
Comment: __heap_limit unused
4 symbols



ARM Macro Assembler    Page 1 Alphabetic symbol ordering
Relocatable symbols

RESET 00000000

Symbol: RESET
   Definitions
      At line 58 in file startup_TM4C123.s
   Uses
      None
Comment: RESET unused
__Vectors 00000000

Symbol: __Vectors
   Definitions
      At line 63 in file startup_TM4C123.s
   Uses
      At line 59 in file startup_TM4C123.s
      At line 224 in file startup_TM4C123.s

__Vectors_End 0000026C

Symbol: __Vectors_End
   Definitions
      At line 222 in file startup_TM4C123.s
   Uses
      At line 60 in file startup_TM4C123.s
      At line 224 in file startup_TM4C123.s

3 symbols



ARM Macro Assembler    Page 1 Alphabetic symbol ordering
Relocatable symbols

.text 00000000

Symbol: .text
   Definitions
      At line 226 in file startup_TM4C123.s
   Uses
      None
Comment: .text unused
ADC0SS0_Handler 0000004E

Symbol: ADC0SS0_Handler
   Definitions
      At line 431 in file startup_TM4C123.s
   Uses
      At line 96 in file startup_TM4C123.s
      At line 432 in file startup_TM4C123.s

ADC0SS1_Handler 00000050

Symbol: ADC0SS1_Handler
   Definitions
      At line 437 in file startup_TM4C123.s
   Uses
      At line 97 in file startup_TM4C123.s
      At line 438 in file startup_TM4C123.s

ADC0SS2_Handler 00000052

Symbol: ADC0SS2_Handler
   Definitions
      At line 443 in file startup_TM4C123.s
   Uses
      At line 98 in file startup_TM4C123.s
      At line 444 in file startup_TM4C123.s

ADC0SS3_Handler 00000054

Symbol: ADC0SS3_Handler
   Definitions
      At line 449 in file startup_TM4C123.s
   Uses
      At line 99 in file startup_TM4C123.s
      At line 450 in file startup_TM4C123.s

ADC1SS0_Handler 00000090

Symbol: ADC1SS0_Handler
   Definitions
      At line 629 in file startup_TM4C123.s
   Uses
      At line 130 in file startup_TM4C123.s
      At line 630 in file startup_TM4C123.s

ADC1SS1_Handler 00000092

Symbol: ADC1SS1_Handler
   Definitions
      At line 635 in file startup_TM4C123.s
   Uses



ARM Macro Assembler    Page 2 Alphabetic symbol ordering
Relocatable symbols

      At line 131 in file startup_TM4C123.s
      At line 636 in file startup_TM4C123.s

ADC1SS2_Handler 00000094

Symbol: ADC1SS2_Handler
   Definitions
      At line 641 in file startup_TM4C123.s
   Uses
      At line 132 in file startup_TM4C123.s
      At line 642 in file startup_TM4C123.s

ADC1SS3_Handler 00000096

Symbol: ADC1SS3_Handler
   Definitions
      At line 647 in file startup_TM4C123.s
   Uses
      At line 133 in file startup_TM4C123.s
      At line 648 in file startup_TM4C123.s

BusFault_Handler 00000024

Symbol: BusFault_Handler
   Definitions
      At line 315 in file startup_TM4C123.s
   Uses
      At line 68 in file startup_TM4C123.s
      At line 316 in file startup_TM4C123.s

CAN0_Handler 00000080

Symbol: CAN0_Handler
   Definitions
      At line 581 in file startup_TM4C123.s
   Uses
      At line 121 in file startup_TM4C123.s
      At line 582 in file startup_TM4C123.s

CAN1_Handler 00000082

Symbol: CAN1_Handler
   Definitions
      At line 587 in file startup_TM4C123.s
   Uses
      At line 122 in file startup_TM4C123.s
      At line 588 in file startup_TM4C123.s

CAN2_Handler 00000084

Symbol: CAN2_Handler
   Definitions
      At line 593 in file startup_TM4C123.s
   Uses
      At line 123 in file startup_TM4C123.s
      At line 594 in file startup_TM4C123.s

COMP0_Handler 00000064




ARM Macro Assembler    Page 3 Alphabetic symbol ordering
Relocatable symbols

Symbol: COMP0_Handler
   Definitions
      At line 497 in file startup_TM4C123.s
   Uses
      At line 107 in file startup_TM4C123.s
      At line 498 in file startup_TM4C123.s

COMP1_Handler 00000066

Symbol: COMP1_Handler
   Definitions
      At line 503 in file startup_TM4C123.s
   Uses
      At line 108 in file startup_TM4C123.s
      At line 504 in file startup_TM4C123.s

COMP2_Handler 00000068

Symbol: COMP2_Handler
   Definitions
      At line 509 in file startup_TM4C123.s
   Uses
      At line 109 in file startup_TM4C123.s
      At line 510 in file startup_TM4C123.s

DebugMon_Handler 0000002A

Symbol: DebugMon_Handler
   Definitions
      At line 329 in file startup_TM4C123.s
   Uses
      At line 75 in file startup_TM4C123.s
      At line 330 in file startup_TM4C123.s

DisableInterrupts 00000004

Symbol: DisableInterrupts
   Definitions
      At line 251 in file startup_TM4C123.s
   Uses
      At line 252 in file startup_TM4C123.s
Comment: DisableInterrupts used once
EnableInterrupts 00000008

Symbol: EnableInterrupts
   Definitions
      At line 261 in file startup_TM4C123.s
   Uses
      At line 262 in file startup_TM4C123.s
Comment: EnableInterrupts used once
EndCritical 00000014

Symbol: EndCritical
   Definitions
      At line 282 in file startup_TM4C123.s
   Uses
      At line 283 in file startup_TM4C123.s
Comment: EndCritical used once
FLASH_Handler 0000006C



ARM Macro Assembler    Page 4 Alphabetic symbol ordering
Relocatable symbols


Symbol: FLASH_Handler
   Definitions
      At line 521 in file startup_TM4C123.s
   Uses
      At line 111 in file startup_TM4C123.s
      At line 522 in file startup_TM4C123.s

FPU_Handler 000000D0

Symbol: FPU_Handler
   Definitions
      At line 821 in file startup_TM4C123.s
   Uses
      At line 188 in file startup_TM4C123.s
      At line 822 in file startup_TM4C123.s

GPIOA_Handler 00000030

Symbol: GPIOA_Handler
   Definitions
      At line 345 in file startup_TM4C123.s
   Uses
      At line 82 in file startup_TM4C123.s
      At line 346 in file startup_TM4C123.s

GPIOB_Handler 00000032

Symbol: GPIOB_Handler
   Definitions
      At line 351 in file startup_TM4C123.s
   Uses
      At line 83 in file startup_TM4C123.s
      At line 352 in file startup_TM4C123.s

GPIOC_Handler 00000034

Symbol: GPIOC_Handler
   Definitions
      At line 357 in file startup_TM4C123.s
   Uses
      At line 84 in file startup_TM4C123.s
      At line 358 in file startup_TM4C123.s

GPIOD_Handler 00000036

Symbol: GPIOD_Handler
   Definitions
      At line 363 in file startup_TM4C123.s
   Uses
      At line 85 in file startup_TM4C123.s
      At line 364 in file startup_TM4C123.s

GPIOE_Handler 00000038

Symbol: GPIOE_Handler
   Definitions
      At line 369 in file startup_TM4C123.s
   Uses



ARM Macro Assembler    Page 5 Alphabetic symbol ordering
Relocatable symbols

      At line 86 in file startup_TM4C123.s
      At line 370 in file startup_TM4C123.s

GPIOF_Handler 0000006E

Symbol: GPIOF_Handler
   Definitions
      At line 527 in file startup_TM4C123.s
   Uses
      At line 112 in file startup_TM4C123.s
      At line 528 in file startup_TM4C123.s

GPIOG_Handler 00000070

Symbol: GPIOG_Handler
   Definitions
      At line 533 in file startup_TM4C123.s
   Uses
      At line 113 in file startup_TM4C123.s
      At line 534 in file startup_TM4C123.s

GPIOH_Handler 00000072

Symbol: GPIOH_Handler
   Definitions
      At line 539 in file startup_TM4C123.s
   Uses
      At line 114 in file startup_TM4C123.s
      At line 540 in file startup_TM4C123.s

GPIOJ_Handler 00000098

Symbol: GPIOJ_Handler
   Definitions
      At line 653 in file startup_TM4C123.s
   Uses
      At line 136 in file startup_TM4C123.s
      At line 654 in file startup_TM4C123.s

GPIOK_Handler 0000009A

Symbol: GPIOK_Handler
   Definitions
      At line 659 in file startup_TM4C123.s
   Uses
      At line 137 in file startup_TM4C123.s
      At line 660 in file startup_TM4C123.s

GPIOL_Handler 0000009C

Symbol: GPIOL_Handler
   Definitions
      At line 665 in file startup_TM4C123.s
   Uses
      At line 138 in file startup_TM4C123.s
      At line 666 in file startup_TM4C123.s

GPIOM_Handler 000000D6




ARM Macro Assembler    Page 6 Alphabetic symbol ordering
Relocatable symbols

Symbol: GPIOM_Handler
   Definitions
      At line 839 in file startup_TM4C123.s
   Uses
      At line 193 in file startup_TM4C123.s
      At line 840 in file startup_TM4C123.s

GPION_Handler 000000D8

Symbol: GPION_Handler
   Definitions
      At line 845 in file startup_TM4C123.s
   Uses
      At line 194 in file startup_TM4C123.s
      At line 846 in file startup_TM4C123.s

GPIOP0_Handler 000000DC

Symbol: GPIOP0_Handler
   Definitions
      At line 857 in file startup_TM4C123.s
   Uses
      At line 198 in file startup_TM4C123.s
      At line 858 in file startup_TM4C123.s

GPIOP1_Handler 000000DE

Symbol: GPIOP1_Handler
   Definitions
      At line 863 in file startup_TM4C123.s
   Uses
      At line 199 in file startup_TM4C123.s
      At line 864 in file startup_TM4C123.s

GPIOP2_Handler 000000E0

Symbol: GPIOP2_Handler
   Definitions
      At line 869 in file startup_TM4C123.s
   Uses
      At line 200 in file startup_TM4C123.s
      At line 870 in file startup_TM4C123.s

GPIOP3_Handler 000000E2

Symbol: GPIOP3_Handler
   Definitions
      At line 875 in file startup_TM4C123.s
   Uses
      At line 201 in file startup_TM4C123.s
      At line 876 in file startup_TM4C123.s

GPIOP4_Handler 000000E4

Symbol: GPIOP4_Handler
   Definitions
      At line 881 in file startup_TM4C123.s
   Uses
      At line 202 in file startup_TM4C123.s



ARM Macro Assembler    Page 7 Alphabetic symbol ordering
Relocatable symbols

      At line 882 in file startup_TM4C123.s

GPIOP5_Handler 000000E6

Symbol: GPIOP5_Handler
   Definitions
      At line 887 in file startup_TM4C123.s
   Uses
      At line 203 in file startup_TM4C123.s
      At line 888 in file startup_TM4C123.s

GPIOP6_Handler 000000E8

Symbol: GPIOP6_Handler
   Definitions
      At line 893 in file startup_TM4C123.s
   Uses
      At line 204 in file startup_TM4C123.s
      At line 894 in file startup_TM4C123.s

GPIOP7_Handler 000000EA

Symbol: GPIOP7_Handler
   Definitions
      At line 899 in file startup_TM4C123.s
   Uses
      At line 205 in file startup_TM4C123.s
      At line 900 in file startup_TM4C123.s

GPIOQ0_Handler 000000EC

Symbol: GPIOQ0_Handler
   Definitions
      At line 905 in file startup_TM4C123.s
   Uses
      At line 206 in file startup_TM4C123.s
      At line 906 in file startup_TM4C123.s

GPIOQ1_Handler 000000EE

Symbol: GPIOQ1_Handler
   Definitions
      At line 911 in file startup_TM4C123.s
   Uses
      At line 207 in file startup_TM4C123.s
      At line 912 in file startup_TM4C123.s

GPIOQ2_Handler 000000F0

Symbol: GPIOQ2_Handler
   Definitions
      At line 917 in file startup_TM4C123.s
   Uses
      At line 208 in file startup_TM4C123.s
      At line 918 in file startup_TM4C123.s

GPIOQ3_Handler 000000F2

Symbol: GPIOQ3_Handler



ARM Macro Assembler    Page 8 Alphabetic symbol ordering
Relocatable symbols

   Definitions
      At line 923 in file startup_TM4C123.s
   Uses
      At line 209 in file startup_TM4C123.s
      At line 924 in file startup_TM4C123.s

GPIOQ4_Handler 000000F4

Symbol: GPIOQ4_Handler
   Definitions
      At line 929 in file startup_TM4C123.s
   Uses
      At line 210 in file startup_TM4C123.s
      At line 930 in file startup_TM4C123.s

GPIOQ5_Handler 000000F6

Symbol: GPIOQ5_Handler
   Definitions
      At line 935 in file startup_TM4C123.s
   Uses
      At line 211 in file startup_TM4C123.s
      At line 936 in file startup_TM4C123.s

GPIOQ6_Handler 000000F8

Symbol: GPIOQ6_Handler
   Definitions
      At line 941 in file startup_TM4C123.s
   Uses
      At line 212 in file startup_TM4C123.s
      At line 942 in file startup_TM4C123.s

GPIOQ7_Handler 000000FA

Symbol: GPIOQ7_Handler
   Definitions
      At line 947 in file startup_TM4C123.s
   Uses
      At line 213 in file startup_TM4C123.s
      At line 948 in file startup_TM4C123.s

GPIOR_Handler 000000FC

Symbol: GPIOR_Handler
   Definitions
      At line 953 in file startup_TM4C123.s
   Uses
      At line 214 in file startup_TM4C123.s
      At line 954 in file startup_TM4C123.s

GPIOS_Handler 000000FE

Symbol: GPIOS_Handler
   Definitions
      At line 959 in file startup_TM4C123.s
   Uses
      At line 215 in file startup_TM4C123.s
      At line 960 in file startup_TM4C123.s



ARM Macro Assembler    Page 9 Alphabetic symbol ordering
Relocatable symbols


HIB_Handler 00000086

Symbol: HIB_Handler
   Definitions
      At line 599 in file startup_TM4C123.s
   Uses
      At line 125 in file startup_TM4C123.s
      At line 600 in file startup_TM4C123.s

HardFault_Handler 00000020

Symbol: HardFault_Handler
   Definitions
      At line 305 in file startup_TM4C123.s
   Uses
      At line 66 in file startup_TM4C123.s
      At line 306 in file startup_TM4C123.s

I2C0_Handler 00000042

Symbol: I2C0_Handler
   Definitions
      At line 395 in file startup_TM4C123.s
   Uses
      At line 90 in file startup_TM4C123.s
      At line 396 in file startup_TM4C123.s

I2C1_Handler 0000007C

Symbol: I2C1_Handler
   Definitions
      At line 569 in file startup_TM4C123.s
   Uses
      At line 119 in file startup_TM4C123.s
      At line 570 in file startup_TM4C123.s

I2C2_Handler 000000AC

Symbol: I2C2_Handler
   Definitions
      At line 713 in file startup_TM4C123.s
   Uses
      At line 150 in file startup_TM4C123.s
      At line 714 in file startup_TM4C123.s

I2C3_Handler 000000AE

Symbol: I2C3_Handler
   Definitions
      At line 719 in file startup_TM4C123.s
   Uses
      At line 151 in file startup_TM4C123.s
      At line 720 in file startup_TM4C123.s

I2C4_Handler 000000D2

Symbol: I2C4_Handler
   Definitions



ARM Macro Assembler    Page 10 Alphabetic symbol ordering
Relocatable symbols

      At line 827 in file startup_TM4C123.s
   Uses
      At line 191 in file startup_TM4C123.s
      At line 828 in file startup_TM4C123.s

I2C5_Handler 000000D4

Symbol: I2C5_Handler
   Definitions
      At line 833 in file startup_TM4C123.s
   Uses
      At line 192 in file startup_TM4C123.s
      At line 834 in file startup_TM4C123.s

MemManage_Handler 00000022

Symbol: MemManage_Handler
   Definitions
      At line 310 in file startup_TM4C123.s
   Uses
      At line 67 in file startup_TM4C123.s
      At line 311 in file startup_TM4C123.s

NMI_Handler 0000001E

Symbol: NMI_Handler
   Definitions
      At line 300 in file startup_TM4C123.s
   Uses
      At line 65 in file startup_TM4C123.s
      At line 301 in file startup_TM4C123.s

PMW0_FAULT_Handler 00000044

Symbol: PMW0_FAULT_Handler
   Definitions
      At line 401 in file startup_TM4C123.s
   Uses
      At line 91 in file startup_TM4C123.s
      At line 402 in file startup_TM4C123.s

PMW1_0_Handler 00000100

Symbol: PMW1_0_Handler
   Definitions
      At line 965 in file startup_TM4C123.s
   Uses
      At line 216 in file startup_TM4C123.s
      At line 966 in file startup_TM4C123.s

PWM0_0_Handler 00000046

Symbol: PWM0_0_Handler
   Definitions
      At line 407 in file startup_TM4C123.s
   Uses
      At line 92 in file startup_TM4C123.s
      At line 408 in file startup_TM4C123.s




ARM Macro Assembler    Page 11 Alphabetic symbol ordering
Relocatable symbols

PWM0_1_Handler 00000048

Symbol: PWM0_1_Handler
   Definitions
      At line 413 in file startup_TM4C123.s
   Uses
      At line 93 in file startup_TM4C123.s
      At line 414 in file startup_TM4C123.s

PWM0_2_Handler 0000004A

Symbol: PWM0_2_Handler
   Definitions
      At line 419 in file startup_TM4C123.s
   Uses
      At line 94 in file startup_TM4C123.s
      At line 420 in file startup_TM4C123.s

PWM0_3_Handler 0000008A

Symbol: PWM0_3_Handler
   Definitions
      At line 611 in file startup_TM4C123.s
   Uses
      At line 127 in file startup_TM4C123.s
      At line 612 in file startup_TM4C123.s

PWM1_1_Handler 00000102

Symbol: PWM1_1_Handler
   Definitions
      At line 971 in file startup_TM4C123.s
   Uses
      At line 217 in file startup_TM4C123.s
      At line 972 in file startup_TM4C123.s

PWM1_2_Handler 00000104

Symbol: PWM1_2_Handler
   Definitions
      At line 977 in file startup_TM4C123.s
   Uses
      At line 218 in file startup_TM4C123.s
      At line 978 in file startup_TM4C123.s

PWM1_3_Handler 00000106

Symbol: PWM1_3_Handler
   Definitions
      At line 983 in file startup_TM4C123.s
   Uses
      At line 219 in file startup_TM4C123.s
      At line 984 in file startup_TM4C123.s

PWM1_FAULT_Handler 00000108

Symbol: PWM1_FAULT_Handler
   Definitions
      At line 989 in file startup_TM4C123.s



ARM Macro Assembler    Page 12 Alphabetic symbol ordering
Relocatable symbols

   Uses
      At line 220 in file startup_TM4C123.s
      At line 990 in file startup_TM4C123.s

PendSV_Handler 0000002C

Symbol: PendSV_Handler
   Definitions
      At line 334 in file startup_TM4C123.s
   Uses
      At line 77 in file startup_TM4C123.s
      At line 335 in file startup_TM4C123.s

QEI0_Handler 0000004C

Symbol: QEI0_Handler
   Definitions
      At line 425 in file startup_TM4C123.s
   Uses
      At line 95 in file startup_TM4C123.s
      At line 426 in file startup_TM4C123.s

QEI1_Handler 0000007E

Symbol: QEI1_Handler
   Definitions
      At line 575 in file startup_TM4C123.s
   Uses
      At line 120 in file startup_TM4C123.s
      At line 576 in file startup_TM4C123.s

QEI2_Handler 000000DA

Symbol: QEI2_Handler
   Definitions
      At line 851 in file startup_TM4C123.s
   Uses
      At line 195 in file startup_TM4C123.s
      At line 852 in file startup_TM4C123.s

Reset_Handler 00000000

Symbol: Reset_Handler
   Definitions
      At line 231 in file startup_TM4C123.s
   Uses
      At line 64 in file startup_TM4C123.s
      At line 232 in file startup_TM4C123.s

SSI0_Handler 00000040

Symbol: SSI0_Handler
   Definitions
      At line 389 in file startup_TM4C123.s
   Uses
      At line 89 in file startup_TM4C123.s
      At line 390 in file startup_TM4C123.s

SSI1_Handler 00000076



ARM Macro Assembler    Page 13 Alphabetic symbol ordering
Relocatable symbols


Symbol: SSI1_Handler
   Definitions
      At line 551 in file startup_TM4C123.s
   Uses
      At line 116 in file startup_TM4C123.s
      At line 552 in file startup_TM4C123.s

SSI2_Handler 0000009E

Symbol: SSI2_Handler
   Definitions
      At line 671 in file startup_TM4C123.s
   Uses
      At line 139 in file startup_TM4C123.s
      At line 672 in file startup_TM4C123.s

SSI3_Handler 000000A0

Symbol: SSI3_Handler
   Definitions
      At line 677 in file startup_TM4C123.s
   Uses
      At line 140 in file startup_TM4C123.s
      At line 678 in file startup_TM4C123.s

SVC_Handler 00000028

Symbol: SVC_Handler
   Definitions
      At line 324 in file startup_TM4C123.s
   Uses
      At line 74 in file startup_TM4C123.s
      At line 325 in file startup_TM4C123.s

SYSCTL_Handler 0000006A

Symbol: SYSCTL_Handler
   Definitions
      At line 515 in file startup_TM4C123.s
   Uses
      At line 110 in file startup_TM4C123.s
      At line 516 in file startup_TM4C123.s

StartCritical 0000000C

Symbol: StartCritical
   Definitions
      At line 271 in file startup_TM4C123.s
   Uses
      At line 272 in file startup_TM4C123.s
Comment: StartCritical used once
SysTick_Handler 0000002E

Symbol: SysTick_Handler
   Definitions
      At line 339 in file startup_TM4C123.s
   Uses
      At line 78 in file startup_TM4C123.s



ARM Macro Assembler    Page 14 Alphabetic symbol ordering
Relocatable symbols

      At line 340 in file startup_TM4C123.s

TIMER0A_Handler 00000058

Symbol: TIMER0A_Handler
   Definitions
      At line 461 in file startup_TM4C123.s
   Uses
      At line 101 in file startup_TM4C123.s
      At line 462 in file startup_TM4C123.s

TIMER0B_Handler 0000005A

Symbol: TIMER0B_Handler
   Definitions
      At line 467 in file startup_TM4C123.s
   Uses
      At line 102 in file startup_TM4C123.s
      At line 468 in file startup_TM4C123.s

TIMER1A_Handler 0000005C

Symbol: TIMER1A_Handler
   Definitions
      At line 473 in file startup_TM4C123.s
   Uses
      At line 103 in file startup_TM4C123.s
      At line 474 in file startup_TM4C123.s

TIMER1B_Handler 0000005E

Symbol: TIMER1B_Handler
   Definitions
      At line 479 in file startup_TM4C123.s
   Uses
      At line 104 in file startup_TM4C123.s
      At line 480 in file startup_TM4C123.s

TIMER2A_Handler 00000060

Symbol: TIMER2A_Handler
   Definitions
      At line 485 in file startup_TM4C123.s
   Uses
      At line 105 in file startup_TM4C123.s
      At line 486 in file startup_TM4C123.s

TIMER2B_Handler 00000062

Symbol: TIMER2B_Handler
   Definitions
      At line 491 in file startup_TM4C123.s
   Uses
      At line 106 in file startup_TM4C123.s
      At line 492 in file startup_TM4C123.s

TIMER3A_Handler 00000078

Symbol: TIMER3A_Handler



ARM Macro Assembler    Page 15 Alphabetic symbol ordering
Relocatable symbols

   Definitions
      At line 557 in file startup_TM4C123.s
   Uses
      At line 117 in file startup_TM4C123.s
      At line 558 in file startup_TM4C123.s

TIMER3B_Handler 0000007A

Symbol: TIMER3B_Handler
   Definitions
      At line 563 in file startup_TM4C123.s
   Uses
      At line 118 in file startup_TM4C123.s
      At line 564 in file startup_TM4C123.s

TIMER4A_Handler 000000B0

Symbol: TIMER4A_Handler
   Definitions
      At line 725 in file startup_TM4C123.s
   Uses
      At line 152 in file startup_TM4C123.s
      At line 726 in file startup_TM4C123.s

TIMER4B_Handler 000000B2

Symbol: TIMER4B_Handler
   Definitions
      At line 731 in file startup_TM4C123.s
   Uses
      At line 153 in file startup_TM4C123.s
      At line 732 in file startup_TM4C123.s

TIMER5A_Handler 000000B4

Symbol: TIMER5A_Handler
   Definitions
      At line 737 in file startup_TM4C123.s
   Uses
      At line 174 in file startup_TM4C123.s
      At line 738 in file startup_TM4C123.s

TIMER5B_Handler 000000B6

Symbol: TIMER5B_Handler
   Definitions
      At line 743 in file startup_TM4C123.s
   Uses
      At line 175 in file startup_TM4C123.s
      At line 744 in file startup_TM4C123.s

UART0_Handler 0000003C

Symbol: UART0_Handler
   Definitions
      At line 377 in file startup_TM4C123.s
   Uses
      At line 87 in file startup_TM4C123.s
      At line 378 in file startup_TM4C123.s



ARM Macro Assembler    Page 16 Alphabetic symbol ordering
Relocatable symbols


UART1_Handler 0000003E

Symbol: UART1_Handler
   Definitions
      At line 383 in file startup_TM4C123.s
   Uses
      At line 88 in file startup_TM4C123.s
      At line 384 in file startup_TM4C123.s

UART2_Handler 00000074

Symbol: UART2_Handler
   Definitions
      At line 545 in file startup_TM4C123.s
   Uses
      At line 115 in file startup_TM4C123.s
      At line 546 in file startup_TM4C123.s

UART3_Handler 000000A2

Symbol: UART3_Handler
   Definitions
      At line 683 in file startup_TM4C123.s
   Uses
      At line 141 in file startup_TM4C123.s
      At line 684 in file startup_TM4C123.s

UART4_Handler 000000A4

Symbol: UART4_Handler
   Definitions
      At line 689 in file startup_TM4C123.s
   Uses
      At line 142 in file startup_TM4C123.s
      At line 690 in file startup_TM4C123.s

UART5_Handler 000000A6

Symbol: UART5_Handler
   Definitions
      At line 695 in file startup_TM4C123.s
   Uses
      At line 143 in file startup_TM4C123.s
      At line 696 in file startup_TM4C123.s

UART6_Handler 000000A8

Symbol: UART6_Handler
   Definitions
      At line 701 in file startup_TM4C123.s
   Uses
      At line 144 in file startup_TM4C123.s
      At line 702 in file startup_TM4C123.s

UART7_Handler 000000AA

Symbol: UART7_Handler
   Definitions



ARM Macro Assembler    Page 17 Alphabetic symbol ordering
Relocatable symbols

      At line 707 in file startup_TM4C123.s
   Uses
      At line 145 in file startup_TM4C123.s
      At line 708 in file startup_TM4C123.s

UDMAERR_Handler 0000008E

Symbol: UDMAERR_Handler
   Definitions
      At line 623 in file startup_TM4C123.s
   Uses
      At line 129 in file startup_TM4C123.s
      At line 624 in file startup_TM4C123.s

UDMA_Handler 0000008C

Symbol: UDMA_Handler
   Definitions
      At line 617 in file startup_TM4C123.s
   Uses
      At line 128 in file startup_TM4C123.s
      At line 618 in file startup_TM4C123.s

USB0_Handler 00000088

Symbol: USB0_Handler
   Definitions
      At line 605 in file startup_TM4C123.s
   Uses
      At line 126 in file startup_TM4C123.s
      At line 606 in file startup_TM4C123.s

UsageFault_Handler 00000026

Symbol: UsageFault_Handler
   Definitions
      At line 320 in file startup_TM4C123.s
   Uses
      At line 69 in file startup_TM4C123.s
      At line 321 in file startup_TM4C123.s

WDT0_Handler 00000056

Symbol: WDT0_Handler
   Definitions
      At line 455 in file startup_TM4C123.s
   Uses
      At line 100 in file startup_TM4C123.s
      At line 456 in file startup_TM4C123.s

WTIMER0A_Handler 000000B8

Symbol: WTIMER0A_Handler
   Definitions
      At line 749 in file startup_TM4C123.s
   Uses
      At line 176 in file startup_TM4C123.s
      At line 750 in file startup_TM4C123.s




ARM Macro Assembler    Page 18 Alphabetic symbol ordering
Relocatable symbols

WTIMER0B_Handler 000000BA

Symbol: WTIMER0B_Handler
   Definitions
      At line 755 in file startup_TM4C123.s
   Uses
      At line 177 in file startup_TM4C123.s
      At line 756 in file startup_TM4C123.s

WTIMER1A_Handler 000000BC

Symbol: WTIMER1A_Handler
   Definitions
      At line 761 in file startup_TM4C123.s
   Uses
      At line 178 in file startup_TM4C123.s
      At line 762 in file startup_TM4C123.s

WTIMER1B_Handler 000000BE

Symbol: WTIMER1B_Handler
   Definitions
      At line 767 in file startup_TM4C123.s
   Uses
      At line 179 in file startup_TM4C123.s
      At line 768 in file startup_TM4C123.s

WTIMER2A_Handler 000000C0

Symbol: WTIMER2A_Handler
   Definitions
      At line 773 in file startup_TM4C123.s
   Uses
      At line 180 in file startup_TM4C123.s
      At line 774 in file startup_TM4C123.s

WTIMER2B_Handler 000000C2

Symbol: WTIMER2B_Handler
   Definitions
      At line 779 in file startup_TM4C123.s
   Uses
      At line 181 in file startup_TM4C123.s
      At line 780 in file startup_TM4C123.s

WTIMER3A_Handler 000000C4

Symbol: WTIMER3A_Handler
   Definitions
      At line 785 in file startup_TM4C123.s
   Uses
      At line 182 in file startup_TM4C123.s
      At line 786 in file startup_TM4C123.s

WTIMER3B_Handler 000000C6

Symbol: WTIMER3B_Handler
   Definitions
      At line 791 in file startup_TM4C123.s



ARM Macro Assembler    Page 19 Alphabetic symbol ordering
Relocatable symbols

   Uses
      At line 183 in file startup_TM4C123.s
      At line 792 in file startup_TM4C123.s

WTIMER4A_Handler 000000C8

Symbol: WTIMER4A_Handler
   Definitions
      At line 797 in file startup_TM4C123.s
   Uses
      At line 184 in file startup_TM4C123.s
      At line 798 in file startup_TM4C123.s

WTIMER4B_Handler 000000CA

Symbol: WTIMER4B_Handler
   Definitions
      At line 803 in file startup_TM4C123.s
   Uses
      At line 185 in file startup_TM4C123.s
      At line 804 in file startup_TM4C123.s

WTIMER5A_Handler 000000CC

Symbol: WTIMER5A_Handler
   Definitions
      At line 809 in file startup_TM4C123.s
   Uses
      At line 186 in file startup_TM4C123.s
      At line 810 in file startup_TM4C123.s

WTIMER5B_Handler 000000CE

Symbol: WTIMER5B_Handler
   Definitions
      At line 815 in file startup_TM4C123.s
   Uses
      At line 187 in file startup_TM4C123.s
      At line 816 in file startup_TM4C123.s

WaitForInterrupt 0000001A

Symbol: WaitForInterrupt
   Definitions
      At line 292 in file startup_TM4C123.s
   Uses
      At line 293 in file startup_TM4C123.s
Comment: WaitForInterrupt used once
__user_initial_stackheap 0000010C

Symbol: __user_initial_stackheap
   Definitions
      At line 1009 in file startup_TM4C123.s
   Uses
      At line 1008 in file startup_TM4C123.s
Comment: __user_initial_stackheap used once
125 symbols



ARM Macro Assembler    Page 1 Alphabetic symbol ordering
Absolute symbols

Heap_Size 00000400

Symbol: Heap_Size
   Definitions
      At line 44 in file startup_TM4C123.s
   Uses
      At line 48 in file startup_TM4C123.s
      At line 1013 in file startup_TM4C123.s

Stack_Size 00000400

Symbol: Stack_Size
   Definitions
      At line 33 in file startup_TM4C123.s
   Uses
      At line 36 in file startup_TM4C123.s
      At line 1012 in file startup_TM4C123.s

__Vectors_Size 0000026C

Symbol: __Vectors_Size
   Definitions
      At line 224 in file startup_TM4C123.s
   Uses
      At line 61 in file startup_TM4C123.s
Comment: __Vectors_Size used once
3 symbols



ARM Macro Assembler    Page 1 Alphabetic symbol ordering
External symbols

GPIOPortE_Handler 00000000

Symbol: GPIOPortE_Handler
   Definitions
      At line 371 in file startup_TM4C123.s
   Uses
      At line 372 in file startup_TM4C123.s
Comment: GPIOPortE_Handler used once
__main 00000000

Symbol: __main
   Definitions
      At line 234 in file startup_TM4C123.s
   Uses
      At line 237 in file startup_TM4C123.s
Comment: __main used once
__use_two_region_memory 00000000

Symbol: __use_two_region_memory
   Definitions
      At line 1007 in file startup_TM4C123.s
   Uses
      None
Comment: __use_two_region_memory unused
3 symbols
479 symbols in table
